<?xml version="1.0" encoding="UTF-8"?>
<testsuite name="htw.berlin.webtech.web.LevyRestControllerTest" tests="1" skipped="0" failures="0" errors="0" timestamp="2022-01-09T18:41:10" hostname="Air-von-Florian.fritz.box" time="0.287">
  <properties/>
  <testcase name="should return found levies from levy service" classname="htw.berlin.webtech.web.LevyRestControllerTest" time="0.287"/>
  <system-out><![CDATA[19:41:04.731 [Test worker] DEBUG org.springframework.test.context.BootstrapUtils - Instantiating CacheAwareContextLoaderDelegate from class [org.springframework.test.context.cache.DefaultCacheAwareContextLoaderDelegate]
19:41:04.749 [Test worker] DEBUG org.springframework.test.context.BootstrapUtils - Instantiating BootstrapContext using constructor [public org.springframework.test.context.support.DefaultBootstrapContext(java.lang.Class,org.springframework.test.context.CacheAwareContextLoaderDelegate)]
19:41:04.815 [Test worker] DEBUG org.springframework.test.context.BootstrapUtils - Instantiating TestContextBootstrapper for test class [htw.berlin.webtech.web.LevyRestControllerTest] from class [org.springframework.boot.test.autoconfigure.web.servlet.WebMvcTestContextBootstrapper]
19:41:04.844 [Test worker] INFO org.springframework.boot.test.autoconfigure.web.servlet.WebMvcTestContextBootstrapper - Neither @ContextConfiguration nor @ContextHierarchy found for test class [htw.berlin.webtech.web.LevyRestControllerTest], using SpringBootContextLoader
19:41:04.859 [Test worker] DEBUG org.springframework.test.context.support.AbstractContextLoader - Did not detect default resource location for test class [htw.berlin.webtech.web.LevyRestControllerTest]: class path resource [htw/berlin/webtech/web/LevyRestControllerTest-context.xml] does not exist
19:41:04.860 [Test worker] DEBUG org.springframework.test.context.support.AbstractContextLoader - Did not detect default resource location for test class [htw.berlin.webtech.web.LevyRestControllerTest]: class path resource [htw/berlin/webtech/web/LevyRestControllerTestContext.groovy] does not exist
19:41:04.860 [Test worker] INFO org.springframework.test.context.support.AbstractContextLoader - Could not detect default resource locations for test class [htw.berlin.webtech.web.LevyRestControllerTest]: no resource found for suffixes {-context.xml, Context.groovy}.
19:41:04.861 [Test worker] INFO org.springframework.test.context.support.AnnotationConfigContextLoaderUtils - Could not detect default configuration classes for test class [htw.berlin.webtech.web.LevyRestControllerTest]: LevyRestControllerTest does not declare any static, non-private, non-final, nested classes annotated with @Configuration.
19:41:05.000 [Test worker] DEBUG org.springframework.test.context.support.ActiveProfilesUtils - Could not find an 'annotation declaring class' for annotation type [org.springframework.test.context.ActiveProfiles] and class [htw.berlin.webtech.web.LevyRestControllerTest]
19:41:05.098 [Test worker] DEBUG org.springframework.context.annotation.ClassPathScanningCandidateComponentProvider - Identified candidate component class: file [/Users/flogruendel/Uni/3.Semester/Prog3/webtech/build/classes/java/main/htw/berlin/webtech/WebtechApplication.class]
19:41:05.101 [Test worker] INFO org.springframework.boot.test.context.SpringBootTestContextBootstrapper - Found @SpringBootConfiguration htw.berlin.webtech.WebtechApplication for test class htw.berlin.webtech.web.LevyRestControllerTest
19:41:05.104 [Test worker] DEBUG org.springframework.boot.test.autoconfigure.web.servlet.WebMvcTestContextBootstrapper - @TestExecutionListeners is not present for class [htw.berlin.webtech.web.LevyRestControllerTest]: using defaults.
19:41:05.105 [Test worker] INFO org.springframework.boot.test.autoconfigure.web.servlet.WebMvcTestContextBootstrapper - Loaded default TestExecutionListener class names from location [META-INF/spring.factories]: [org.springframework.boot.test.autoconfigure.restdocs.RestDocsTestExecutionListener, org.springframework.boot.test.autoconfigure.web.client.MockRestServiceServerResetTestExecutionListener, org.springframework.boot.test.autoconfigure.web.servlet.MockMvcPrintOnlyOnFailureTestExecutionListener, org.springframework.boot.test.autoconfigure.web.servlet.WebDriverTestExecutionListener, org.springframework.boot.test.autoconfigure.webservices.client.MockWebServiceServerTestExecutionListener, org.springframework.boot.test.mock.mockito.MockitoTestExecutionListener, org.springframework.boot.test.mock.mockito.ResetMocksTestExecutionListener, org.springframework.test.context.web.ServletTestExecutionListener, org.springframework.test.context.support.DirtiesContextBeforeModesTestExecutionListener, org.springframework.test.context.event.ApplicationEventsTestExecutionListener, org.springframework.test.context.support.DependencyInjectionTestExecutionListener, org.springframework.test.context.support.DirtiesContextTestExecutionListener, org.springframework.test.context.transaction.TransactionalTestExecutionListener, org.springframework.test.context.jdbc.SqlScriptsTestExecutionListener, org.springframework.test.context.event.EventPublishingTestExecutionListener]
19:41:05.123 [Test worker] INFO org.springframework.boot.test.autoconfigure.web.servlet.WebMvcTestContextBootstrapper - Using TestExecutionListeners: [org.springframework.test.context.web.ServletTestExecutionListener@560cbf1a, org.springframework.test.context.support.DirtiesContextBeforeModesTestExecutionListener@5fe8b721, org.springframework.test.context.event.ApplicationEventsTestExecutionListener@551a20d6, org.springframework.boot.test.mock.mockito.MockitoTestExecutionListener@578524c3, org.springframework.boot.test.autoconfigure.SpringBootDependencyInjectionTestExecutionListener@64c2b546, org.springframework.test.context.support.DirtiesContextTestExecutionListener@7e094740, org.springframework.test.context.transaction.TransactionalTestExecutionListener@7a11c4c7, org.springframework.test.context.jdbc.SqlScriptsTestExecutionListener@4cc547a, org.springframework.test.context.event.EventPublishingTestExecutionListener@7555b920, org.springframework.boot.test.autoconfigure.restdocs.RestDocsTestExecutionListener@4152d38d, org.springframework.boot.test.autoconfigure.web.client.MockRestServiceServerResetTestExecutionListener@3591009c, org.springframework.boot.test.autoconfigure.web.servlet.MockMvcPrintOnlyOnFailureTestExecutionListener@5398edd0, org.springframework.boot.test.autoconfigure.web.servlet.WebDriverTestExecutionListener@b5cc23a, org.springframework.boot.test.autoconfigure.webservices.client.MockWebServiceServerTestExecutionListener@5cc5b667, org.springframework.boot.test.mock.mockito.ResetMocksTestExecutionListener@61edc883]
19:41:05.145 [Test worker] DEBUG org.springframework.test.context.support.AbstractDirtiesContextTestExecutionListener - Before test class: context [DefaultTestContext@5003041b testClass = LevyRestControllerTest, testInstance = [null], testMethod = [null], testException = [null], mergedContextConfiguration = [WebMergedContextConfiguration@724bade8 testClass = LevyRestControllerTest, locations = '{}', classes = '{class htw.berlin.webtech.WebtechApplication}', contextInitializerClasses = '[]', activeProfiles = '{}', propertySourceLocations = '{}', propertySourceProperties = '{org.springframework.boot.test.autoconfigure.web.servlet.WebMvcTestContextBootstrapper=true}', contextCustomizers = set[org.springframework.boot.test.autoconfigure.OverrideAutoConfigurationContextCustomizerFactory$DisableAutoConfigurationContextCustomizer@1080b026, org.springframework.boot.test.autoconfigure.actuate.metrics.MetricsExportContextCustomizerFactory$DisableMetricExportContextCustomizer@dcfda20, org.springframework.boot.test.autoconfigure.filter.TypeExcludeFiltersContextCustomizer@f8b9b725, org.springframework.boot.test.autoconfigure.properties.PropertyMappingContextCustomizer@f919716c, org.springframework.boot.test.autoconfigure.web.servlet.WebDriverContextCustomizerFactory$Customizer@4de41af9, [ImportsContextCustomizer@16fb356 key = [org.springframework.boot.autoconfigure.cache.CacheAutoConfiguration, org.springframework.boot.autoconfigure.context.MessageSourceAutoConfiguration, org.springframework.boot.autoconfigure.data.web.SpringDataWebAutoConfiguration, org.springframework.boot.autoconfigure.freemarker.FreeMarkerAutoConfiguration, org.springframework.boot.autoconfigure.groovy.template.GroovyTemplateAutoConfiguration, org.springframework.boot.autoconfigure.gson.GsonAutoConfiguration, org.springframework.boot.autoconfigure.hateoas.HypermediaAutoConfiguration, org.springframework.boot.autoconfigure.http.HttpMessageConvertersAutoConfiguration, org.springframework.boot.autoconfigure.jackson.JacksonAutoConfiguration, org.springframework.boot.autoconfigure.jsonb.JsonbAutoConfiguration, org.springframework.boot.autoconfigure.mustache.MustacheAutoConfiguration, org.springframework.boot.autoconfigure.task.TaskExecutionAutoConfiguration, org.springframework.boot.autoconfigure.thymeleaf.ThymeleafAutoConfiguration, org.springframework.boot.autoconfigure.validation.ValidationAutoConfiguration, org.springframework.boot.autoconfigure.web.servlet.error.ErrorMvcAutoConfiguration, org.springframework.boot.autoconfigure.web.servlet.HttpEncodingAutoConfiguration, org.springframework.boot.autoconfigure.web.servlet.WebMvcAutoConfiguration, org.springframework.boot.test.autoconfigure.web.servlet.MockMvcAutoConfiguration, org.springframework.boot.test.autoconfigure.web.servlet.MockMvcWebClientAutoConfiguration, org.springframework.boot.test.autoconfigure.web.servlet.MockMvcWebDriverAutoConfiguration, org.springframework.boot.autoconfigure.security.oauth2.client.servlet.OAuth2ClientAutoConfiguration, org.springframework.boot.autoconfigure.security.oauth2.resource.servlet.OAuth2ResourceServerAutoConfiguration, org.springframework.boot.autoconfigure.security.servlet.SecurityAutoConfiguration, org.springframework.boot.autoconfigure.security.servlet.SecurityFilterAutoConfiguration, org.springframework.boot.autoconfigure.security.servlet.UserDetailsServiceAutoConfiguration, org.springframework.boot.test.autoconfigure.web.servlet.MockMvcSecurityConfiguration]], org.springframework.boot.test.context.filter.ExcludeFilterContextCustomizer@470a696f, org.springframework.boot.test.json.DuplicateJsonObjectContextCustomizerFactory$DuplicateJsonObjectContextCustomizer@2b491fee, org.springframework.boot.test.mock.mockito.MockitoContextCustomizer@480bbb2, org.springframework.boot.test.context.SpringBootTestArgs@1, org.springframework.boot.test.context.SpringBootTestWebEnvironment@0], resourceBasePath = 'src/main/webapp', contextLoader = 'org.springframework.boot.test.context.SpringBootContextLoader', parent = [null]], attributes = map[[empty]]], class annotated with @DirtiesContext [false] with mode [null].
19:41:05.252 [Test worker] DEBUG org.springframework.test.context.support.TestPropertySourceUtils - Adding inlined properties to environment: {spring.jmx.enabled=false, org.springframework.boot.test.autoconfigure.web.servlet.WebMvcTestContextBootstrapper=true}

  .   ____          _            __ _ _
 /\\ / ___'_ __ _ _(_)_ __  __ _ \ \ \ \
( ( )\___ | '_ | '_| | '_ \/ _` | \ \ \ \
 \\/  ___)| |_)| | | | | || (_| |  ) ) ) )
  '  |____| .__|_| |_|_| |_\__, | / / / /
 =========|_|==============|___/=/_/_/_/
 :: Spring Boot ::                (v2.5.5)

2022-01-09 19:41:05.976  INFO 73469 --- [    Test worker] h.b.webtech.web.LevyRestControllerTest   : Starting LevyRestControllerTest using Java 11.0.12 on Air-von-Florian.fritz.box with PID 73469 (started by flogruendel in /Users/flogruendel/Uni/3.Semester/Prog3/webtech)
2022-01-09 19:41:05.988  INFO 73469 --- [    Test worker] h.b.webtech.web.LevyRestControllerTest   : No active profile set, falling back to default profiles: default
2022-01-09 19:41:09.899  INFO 73469 --- [    Test worker] o.s.b.t.m.w.SpringBootMockServletContext : Initializing Spring TestDispatcherServlet ''
2022-01-09 19:41:09.900  INFO 73469 --- [    Test worker] o.s.t.web.servlet.TestDispatcherServlet  : Initializing Servlet ''
2022-01-09 19:41:09.912  INFO 73469 --- [    Test worker] o.s.t.web.servlet.TestDispatcherServlet  : Completed initialization in 12 ms
2022-01-09 19:41:09.971  INFO 73469 --- [    Test worker] h.b.webtech.web.LevyRestControllerTest   : Started LevyRestControllerTest in 4.704 seconds (JVM running for 7.186)
]]></system-out>
  <system-err><![CDATA[]]></system-err>
</testsuite>
